[03-21 21:08:31]: [INFO] Created column 'regdate' and set the current timestamp, 1742591311122, to all 0 rows
[03-21 21:08:31]: [INFO] SQLite Setup finished
[03-21 21:08:31]: [INFO] Hooked into LuckPerms!
[03-21 21:08:31]: [INFO] Hooked successfully into Essentials
[03-21 21:08:31]: [INFO] Hooked successfully into Multiverse-Core
[03-21 21:08:31]: [INFO] Essentials spawn file not found: '/workspaces/reimagined-octo-doodle/servidor_minecraft/plugins/Essentials/spawn.yml'
[03-21 21:08:31]: [INFO] AuthMe 5.6.0 build n.CUSTOM successfully enabled!
[03-21 21:08:38]: [INFO] Downloading GEO IP database, because the old database is older than 30 days or doesn't exist
[03-21 21:08:38]: [WARN] No MaxMind credentials found in the configuration file! GeoIp protections will be disabled.
[03-21 21:08:38]: [INFO] There is no newer GEO IP database uploaded to MaxMind. Using the old one for now.
[03-21 21:08:38]: [WARN] Could not download GeoLiteAPI database [FileNotFoundException]: plugins/AuthMe/GeoLite2-Country.mmdb (No such file or directory)
[03-21 21:08:38]: java.io.FileNotFoundException: plugins/AuthMe/GeoLite2-Country.mmdb (No such file or directory)
	at java.base/java.io.RandomAccessFile.open0(Native Method)
	at java.base/java.io.RandomAccessFile.open(RandomAccessFile.java:356)
	at java.base/java.io.RandomAccessFile.<init>(RandomAccessFile.java:273)
	at java.base/java.io.RandomAccessFile.<init>(RandomAccessFile.java:223)
	at fr.xephi.authme.libs.com.maxmind.db.BufferHolder.<init>(BufferHolder.java:20)
	at fr.xephi.authme.libs.com.maxmind.db.Reader.<init>(Reader.java:121)
	at fr.xephi.authme.service.GeoIpService.startReading(GeoIpService.java:179)
	at fr.xephi.authme.service.GeoIpService.updateDatabase(GeoIpService.java:150)
	at org.bukkit.craftbukkit.v1_16_R3.scheduler.CraftTask.run(CraftTask.java:81)
	at org.bukkit.craftbukkit.v1_16_R3.scheduler.CraftAsyncTask.run(CraftAsyncTask.java:54)
	at java.base/java.util.concurrent.ThreadPoolExecutor.runWorker(ThreadPoolExecutor.java:1144)
	at java.base/java.util.concurrent.ThreadPoolExecutor$Worker.run(ThreadPoolExecutor.java:642)
	at java.base/java.lang.Thread.run(Thread.java:1583)

[03-21 21:09:11]: [FINE] LanceLucky registered 127.43.45.154
[03-21 21:09:11]: [FINE] LanceLucky logged in 127.43.45.154
[03-21 21:10:14]: [FINE] LanceLucky logged in 127.43.45.154
[03-21 21:13:17]: [INFO] AuthMe 5.6.0-bCUSTOM disabled!
[03-21 21:17:02]: [INFO] SQLite Setup finished
[03-21 21:17:02]: [INFO] Hooked into LuckPerms!
[03-21 21:17:02]: [INFO] Hooked successfully into Essentials
[03-21 21:17:02]: [INFO] Hooked successfully into Multiverse-Core
[03-21 21:17:02]: [INFO] Essentials spawn file not found: '/workspaces/reimagined-octo-doodle/servidor_minecraft/plugins/Essentials/spawn.yml'
[03-21 21:17:02]: [INFO] AuthMe 5.6.0 build n.CUSTOM successfully enabled!
[03-21 21:17:06]: [INFO] Downloading GEO IP database, because the old database is older than 30 days or doesn't exist
[03-21 21:17:06]: [WARN] No MaxMind credentials found in the configuration file! GeoIp protections will be disabled.
[03-21 21:17:06]: [INFO] There is no newer GEO IP database uploaded to MaxMind. Using the old one for now.
[03-21 21:17:06]: [WARN] Could not download GeoLiteAPI database [FileNotFoundException]: plugins/AuthMe/GeoLite2-Country.mmdb (No such file or directory)
[03-21 21:17:06]: java.io.FileNotFoundException: plugins/AuthMe/GeoLite2-Country.mmdb (No such file or directory)
	at java.base/java.io.RandomAccessFile.open0(Native Method)
	at java.base/java.io.RandomAccessFile.open(RandomAccessFile.java:356)
	at java.base/java.io.RandomAccessFile.<init>(RandomAccessFile.java:273)
	at java.base/java.io.RandomAccessFile.<init>(RandomAccessFile.java:223)
	at fr.xephi.authme.libs.com.maxmind.db.BufferHolder.<init>(BufferHolder.java:20)
	at fr.xephi.authme.libs.com.maxmind.db.Reader.<init>(Reader.java:121)
	at fr.xephi.authme.service.GeoIpService.startReading(GeoIpService.java:179)
	at fr.xephi.authme.service.GeoIpService.updateDatabase(GeoIpService.java:150)
	at org.bukkit.craftbukkit.v1_16_R3.scheduler.CraftTask.run(CraftTask.java:81)
	at org.bukkit.craftbukkit.v1_16_R3.scheduler.CraftAsyncTask.run(CraftAsyncTask.java:54)
	at java.base/java.util.concurrent.ThreadPoolExecutor.runWorker(ThreadPoolExecutor.java:1144)
	at java.base/java.util.concurrent.ThreadPoolExecutor$Worker.run(ThreadPoolExecutor.java:642)
	at java.base/java.lang.Thread.run(Thread.java:1583)

[03-21 21:18:00]: [FINE] LanceLucky logged in 127.43.45.154
[03-21 21:20:10]: [INFO] AuthMe 5.6.0-bCUSTOM disabled!
[03-22 04:20:37]: [INFO] SQLite Setup finished
[03-22 04:20:37]: [INFO] Hooked into LuckPerms!
[03-22 04:20:37]: [INFO] Hooked successfully into Essentials
[03-22 04:20:37]: [INFO] Hooked successfully into Multiverse-Core
[03-22 04:20:37]: [INFO] Essentials spawn file not found: '/workspaces/reimagined-octo-doodle/servidor_minecraft/plugins/Essentials/spawn.yml'
[03-22 04:20:37]: [INFO] AuthMe 5.6.0 build n.CUSTOM successfully enabled!
[03-22 04:20:42]: [INFO] Downloading GEO IP database, because the old database is older than 30 days or doesn't exist
[03-22 04:20:42]: [WARN] No MaxMind credentials found in the configuration file! GeoIp protections will be disabled.
[03-22 04:20:42]: [INFO] There is no newer GEO IP database uploaded to MaxMind. Using the old one for now.
[03-22 04:20:42]: [WARN] Could not download GeoLiteAPI database [FileNotFoundException]: plugins/AuthMe/GeoLite2-Country.mmdb (No such file or directory)
[03-22 04:20:42]: java.io.FileNotFoundException: plugins/AuthMe/GeoLite2-Country.mmdb (No such file or directory)
	at java.base/java.io.RandomAccessFile.open0(Native Method)
	at java.base/java.io.RandomAccessFile.open(RandomAccessFile.java:356)
	at java.base/java.io.RandomAccessFile.<init>(RandomAccessFile.java:273)
	at java.base/java.io.RandomAccessFile.<init>(RandomAccessFile.java:223)
	at fr.xephi.authme.libs.com.maxmind.db.BufferHolder.<init>(BufferHolder.java:20)
	at fr.xephi.authme.libs.com.maxmind.db.Reader.<init>(Reader.java:121)
	at fr.xephi.authme.service.GeoIpService.startReading(GeoIpService.java:179)
	at fr.xephi.authme.service.GeoIpService.updateDatabase(GeoIpService.java:150)
	at org.bukkit.craftbukkit.v1_16_R3.scheduler.CraftTask.run(CraftTask.java:81)
	at org.bukkit.craftbukkit.v1_16_R3.scheduler.CraftAsyncTask.run(CraftAsyncTask.java:54)
	at java.base/java.util.concurrent.ThreadPoolExecutor.runWorker(ThreadPoolExecutor.java:1144)
	at java.base/java.util.concurrent.ThreadPoolExecutor$Worker.run(ThreadPoolExecutor.java:642)
	at java.base/java.lang.Thread.run(Thread.java:1583)

[03-22 04:24:24]: [FINE] MOMO registered 127.43.45.154
[03-22 04:24:24]: [FINE] The user MOMO has 2 accounts:
[03-22 04:24:24]: [FINE] §7lancelucky, §aMOMO§7.
[03-22 04:24:24]: [FINE] MOMO logged in 127.43.45.154
[03-22 04:56:39]: [INFO] AuthMe 5.6.0-bCUSTOM disabled!
[03-22 15:45:57]: [INFO] SQLite Setup finished
[03-22 15:45:57]: [INFO] Hooked into LuckPerms!
[03-22 15:45:57]: [INFO] Hooked successfully into Essentials
[03-22 15:45:57]: [INFO] Hooked successfully into Multiverse-Core
[03-22 15:45:57]: [INFO] Essentials spawn file not found: '/workspaces/reimagined-octo-doodle/servidor_minecraft/plugins/Essentials/spawn.yml'
[03-22 15:45:58]: [INFO] AuthMe 5.6.0 build n.CUSTOM successfully enabled!
[03-22 15:46:33]: [INFO] Downloading GEO IP database, because the old database is older than 30 days or doesn't exist
[03-22 15:46:33]: [WARN] No MaxMind credentials found in the configuration file! GeoIp protections will be disabled.
[03-22 15:46:33]: [INFO] There is no newer GEO IP database uploaded to MaxMind. Using the old one for now.
[03-22 15:46:33]: [WARN] Could not download GeoLiteAPI database [FileNotFoundException]: plugins/AuthMe/GeoLite2-Country.mmdb (No such file or directory)
[03-22 15:46:33]: java.io.FileNotFoundException: plugins/AuthMe/GeoLite2-Country.mmdb (No such file or directory)
	at java.base/java.io.RandomAccessFile.open0(Native Method)
	at java.base/java.io.RandomAccessFile.open(RandomAccessFile.java:356)
	at java.base/java.io.RandomAccessFile.<init>(RandomAccessFile.java:273)
	at java.base/java.io.RandomAccessFile.<init>(RandomAccessFile.java:223)
	at fr.xephi.authme.libs.com.maxmind.db.BufferHolder.<init>(BufferHolder.java:20)
	at fr.xephi.authme.libs.com.maxmind.db.Reader.<init>(Reader.java:121)
	at fr.xephi.authme.service.GeoIpService.startReading(GeoIpService.java:179)
	at fr.xephi.authme.service.GeoIpService.updateDatabase(GeoIpService.java:150)
	at org.bukkit.craftbukkit.v1_16_R3.scheduler.CraftTask.run(CraftTask.java:81)
	at org.bukkit.craftbukkit.v1_16_R3.scheduler.CraftAsyncTask.run(CraftAsyncTask.java:54)
	at java.base/java.util.concurrent.ThreadPoolExecutor.runWorker(ThreadPoolExecutor.java:1144)
	at java.base/java.util.concurrent.ThreadPoolExecutor$Worker.run(ThreadPoolExecutor.java:642)
	at java.base/java.lang.Thread.run(Thread.java:1583)

